<?xml version="1.0" encoding="UTF-8"?>
<!-- Generated by org.testng.reporters.JUnitReportReporter -->
<testsuite hostname="DESKTOP-QAMDQO9" failures="0" tests="6" name="test.HomePageTest" time="9.790" errors="0" timestamp="2023-01-03T11:54:27 EST" skipped="5">
  <testcase classname="test.HomePageTest" name="zaraLogoTest" time="9.790"/>
  <system-out/>
  <testcase classname="test.HomePageTest" name="clickForgotYourPasswordTest">
    <skipped/>
  </testcase> <!-- clickForgotYourPasswordTest -->
  <system-out/>
  <testcase classname="test.HomePageTest" name="clickPasswordTest">
    <skipped/>
  </testcase> <!-- clickPasswordTest -->
  <system-out/>
  <testcase classname="test.HomePageTest" name="inputTextEmailTest">
    <skipped/>
  </testcase> <!-- inputTextEmailTest -->
  <system-out/>
  <testcase classname="test.HomePageTest" name="clickEmailButtonTest">
    <skipped/>
  </testcase> <!-- clickEmailButtonTest -->
  <system-out/>
  <testcase classname="test.HomePageTest" name="inputTextPasswordTest">
    <skipped/>
  </testcase> <!-- inputTextPasswordTest -->
  <system-out/>
</testsuite> <!-- test.HomePageTest -->
